<?xml version="1.0" encoding="UTF-8"?>
<testng-results skipped="0" failed="0" ignored="0" total="1" passed="1">
  <reporter-output>
  </reporter-output>
  <suite name="Default suite" duration-ms="6024" started-at="2018-12-11T15:22:15Z" finished-at="2018-12-11T15:22:21Z">
    <groups>
    </groups>
    <test name="Default test" duration-ms="6024" started-at="2018-12-11T15:22:15Z" finished-at="2018-12-11T15:22:21Z">
      <class name="bddRestAssured.RestTest">
        <test-method status="PASS" signature="test_numberOfCircuitsFor2017_Season()[pri:0, instance:bddRestAssured.RestTest@39aeed2f]" name="test_numberOfCircuitsFor2017_Season" duration-ms="5962" started-at="2018-12-11T15:22:15Z" finished-at="2018-12-11T15:22:21Z">
          <reporter-output>
          </reporter-output>
        </test-method> <!-- test_numberOfCircuitsFor2017_Season -->
      </class> <!-- bddRestAssured.RestTest -->
    </test> <!-- Default test -->
  </suite> <!-- Default suite -->
</testng-results>
