<?xml version="1.0" encoding="UTF-8"?>
<testng-results skipped="0" failed="0" ignored="0" total="1" passed="1">
  <reporter-output>
  </reporter-output>
  <suite name="Default suite" duration-ms="5675" started-at="2018-12-12T23:31:00Z" finished-at="2018-12-12T23:31:06Z">
    <groups>
    </groups>
    <test name="Default test" duration-ms="5675" started-at="2018-12-12T23:31:00Z" finished-at="2018-12-12T23:31:06Z">
      <class name="bddRestAssured.RestTest1">
        <test-method status="PASS" signature="GetWeatherDetails()[pri:0, instance:bddRestAssured.RestTest1@39aeed2f]" name="GetWeatherDetails" duration-ms="5618" started-at="2018-12-12T23:31:00Z" finished-at="2018-12-12T23:31:06Z">
          <reporter-output>
          </reporter-output>
        </test-method> <!-- GetWeatherDetails -->
      </class> <!-- bddRestAssured.RestTest1 -->
    </test> <!-- Default test -->
  </suite> <!-- Default suite -->
</testng-results>
